  ▲ Next.js 14.2.35
  - Local:        http://localhost:8080

 ✓ Starting...
 ✓ Ready in 1485ms
 ○ Compiling / ...
 ✓ Compiled / in 5.3s (2509 modules)
 GET / 200 in 5593ms
 ✓ Compiled in 445ms (1232 modules)
 GET / 200 in 57ms
 GET / 200 in 119ms
 ○ Compiling /favicon.ico ...
 ✓ Compiled /favicon.ico in 587ms (1291 modules)
 GET /favicon.ico 200 in 679ms
 ✓ Compiled in 2.2s (1232 modules)
 ✓ Compiled in 159ms (1232 modules)
   Reload env: .env.local
 ✓ Compiled in 5.2s (2509 modules)
 ✓ Compiled in 3.1s (1232 modules)
 ✓ Compiled in 367ms (1232 modules)
 ✓ Compiled in 1334ms (2477 modules)
 ✓ Compiled in 1531ms (2491 modules)
 ✓ Compiled in 1153ms (2491 modules)
 ✓ Compiled in 1075ms (2491 modules)
 ✓ Compiled in 312ms (1232 modules)
 ✓ Compiled in 617ms (1232 modules)
 ✓ Compiled in 572ms (1232 modules)
 ✓ Compiled in 384ms (1232 modules)
 ✓ Compiled in 477ms (1232 modules)
 ✓ Compiled in 273ms (1232 modules)
 ✓ Compiled in 1366ms (2491 modules)
 ✓ Compiled in 3.7s (2704 modules)
 ✓ Compiled in 329ms (1338 modules)
 ✓ Compiled in 334ms (1338 modules)
 ✓ Compiled in 1508ms (2690 modules)
 ✓ Compiled in 1003ms (2690 modules)
 ✓ Compiled in 745ms (2690 modules)
 ✓ Compiled in 888ms (2690 modules)
 ✓ Compiled in 1088ms (2690 modules)
 ✓ Compiled in 1082ms (2690 modules)
 ✓ Compiled in 1166ms (2690 modules)
 ✓ Compiled in 498ms (1338 modules)
 ✓ Compiled in 366ms (1338 modules)
 ✓ Compiled in 259ms (1338 modules)
 ✓ Compiled in 284ms (1338 modules)
 ✓ Compiled in 346ms (1338 modules)
 ✓ Compiled in 286ms (1338 modules)
 ✓ Compiled in 260ms (1338 modules)
 ✓ Compiled in 372ms (1338 modules)
 ✓ Compiled in 459ms (1338 modules)
 ✓ Compiled in 307ms (1338 modules)
 ✓ Compiled in 409ms (1338 modules)
 ✓ Compiled in 349ms (1338 modules)
 ✓ Compiled in 473ms (1338 modules)
 ✓ Compiled in 283ms (1338 modules)
 ✓ Compiled in 246ms (1338 modules)
 ✓ Compiled in 384ms (1338 modules)
 ✓ Compiled in 330ms (1338 modules)
 ✓ Compiled in 285ms (1338 modules)
 ✓ Compiled in 1291ms (2690 modules)
 ✓ Compiled in 789ms (2690 modules)
 ✓ Compiled in 1253ms (2690 modules)
 ✓ Compiled in 1266ms (2690 modules)
 ✓ Compiled in 1243ms (2704 modules)
 ✓ Compiled in 827ms (2704 modules)
 ✓ Compiled in 784ms (2690 modules)
 ✓ Compiled in 981ms (2690 modules)
 ✓ Compiled in 1172ms (2704 modules)
 ✓ Compiled in 1189ms (2704 modules)
